[2022-09-27 11:39:37+00:00] INFO: Installer API request received {"method":"GET","endpoint":"checkApi"} 
[2022-09-27 11:39:37+00:00] NOTICE: Trying Winter CMS API  
[2022-09-27 11:39:37+00:00] INFO: Installer API request received {"method":"GET","endpoint":"checkPhpVersion"} 
[2022-09-27 11:39:37+00:00] NOTICE: Compared PHP version {"installed":"8.1.2","needed":"8.0.2"} 
[2022-09-27 11:39:37+00:00] NOTICE: PHP version requirement met.  
[2022-09-27 11:39:37+00:00] INFO: Installer API request received {"method":"GET","endpoint":"checkPhpExtensions"} 
[2022-09-27 11:39:37+00:00] NOTICE: Checking PHP "curl" extension  
[2022-09-27 11:39:37+00:00] NOTICE: Checking PHP "json" extension  
[2022-09-27 11:39:37+00:00] NOTICE: Checking PHP "pdo" extension  
[2022-09-27 11:39:37+00:00] NOTICE: Checking PHP "zip" extension  
[2022-09-27 11:39:37+00:00] NOTICE: Checking PHP "mbstring" extension  
[2022-09-27 11:39:37+00:00] NOTICE: Checking PHP "fileinfo" extension  
[2022-09-27 11:39:37+00:00] NOTICE: Checking PHP "openssl" extension  
[2022-09-27 11:39:37+00:00] NOTICE: Checking PHP "gd" extension  
[2022-09-27 11:39:37+00:00] NOTICE: Checking PHP "filter" extension  
[2022-09-27 11:39:37+00:00] NOTICE: Checking PHP "hash" extension  
[2022-09-27 11:39:37+00:00] NOTICE: Checking PHP "dom" extension  
[2022-09-27 11:39:37+00:00] NOTICE: Required PHP extensions are installed.  
[2022-09-27 11:39:37+00:00] INFO: Winter API request {"method":"GET","uri":"ping"} 
[2022-09-27 11:39:37+00:00] NOTICE: Response received from Winter CMS API {"response":"pong"} 
[2022-09-27 11:39:37+00:00] NOTICE: Winter CMS API connection successful.  
[2022-09-27 11:40:19+00:00] INFO: Installer API request received {"method":"POST","endpoint":"checkDatabase"} 
[2022-09-27 11:40:19+00:00] NOTICE: Creating temporary SQLite DB {"path":"/var/www/html/projects/ecowebstudio/.temp.sqlite"} 
[2022-09-27 11:40:19+00:00] NOTICE: Check database connection  
[2022-09-27 11:40:19+00:00] INFO: Installer API request received {"method":"GET","endpoint":"checkWriteAccess"} 
[2022-09-27 11:40:19+00:00] NOTICE: Current working directory is writable.  
[2022-09-27 11:40:19+00:00] NOTICE: Found 0 table(s) {"tables":""} 
[2022-09-27 11:40:19+00:00] NOTICE: Database connection established and verified empty  
[2022-09-27 11:40:20+00:00] INFO: Installer API request received {"method":"POST","endpoint":"downloadWinter"} 
[2022-09-27 11:40:20+00:00] NOTICE: Try downloading Winter CMS archive  
[2022-09-27 11:40:20+00:00] NOTICE: Downloading Winter ZIP via cURL {"url":"https://github.com/wintercms/winter/archive/refs/heads/1.2.zip"} 
[2022-09-27 11:40:22+00:00] NOTICE: Winter CMS ZIP file downloaded {"path":"/var/www/html/projects/ecowebstudio/.wintercms/winter.zip"} 
[2022-09-27 11:40:23+00:00] INFO: Installer API request received {"method":"POST","endpoint":"extractWinter"} 
[2022-09-27 11:40:23+00:00] NOTICE: Begin extracting Winter CMS archive  
[2022-09-27 11:40:23+00:00] NOTICE: Move subfoldered files into position {"subfolder":"winter-1.2/"} 
[2022-09-27 11:40:23+00:00] NOTICE: Remove ZIP subfolder {"subfolder":"winter-1.2/"} 
[2022-09-27 11:40:23+00:00] NOTICE: Make artisan command-line tool executable {"path":"/var/www/html/projects/ecowebstudio/.wintercms/artisan"} 
[2022-09-27 11:40:23+00:00] NOTICE: Move temp SQLite DB into position {"from":"/var/www/html/projects/ecowebstudio/.temp.sqlite","to":"/var/www/html/projects/ecowebstudio/.wintercms/storage/database.sqlite"} 
[2022-09-27 11:40:23+00:00] NOTICE: Remove Composer Merge plugin from composer.json if found  
[2022-09-27 11:40:23+00:00] NOTICE: Found merge plugin in required packages - removing  
[2022-09-27 11:40:23+00:00] NOTICE: Found merge plugin config in "extra" config definition - removing  
[2022-09-27 11:40:23+00:00] INFO: Installer API request received {"method":"POST","endpoint":"lockDependencies"} 
[2022-09-27 11:40:23+00:00] NOTICE: Create Composer instance  
[2022-09-27 11:40:23+00:00] NOTICE: Set memory limit to 1.5GB  
[2022-09-27 11:40:23+00:00] NOTICE: Set work directory for Composer {"path":"/var/www/html/projects/ecowebstudio/.wintercms"} 
[2022-09-27 11:40:23+00:00] NOTICE: Create home/cache directory for Composer {"path":"/var/www/html/projects/ecowebstudio/.wintercms/.composer"} 
[2022-09-27 11:40:23+00:00] NOTICE: Set home/cache directory for Composer {"path":"/var/www/html/projects/ecowebstudio/.wintercms/.composer"} 
[2022-09-27 11:40:23+00:00] NOTICE: Run Composer "update" command - generate only a lockfile  
[2022-09-27 11:40:25+00:00] NOTICE: Locked Composer packages {"numPackages":114,"lockFile":"/var/www/html/projects/ecowebstudio/.wintercms/composer.lock"} 
[2022-09-27 11:40:25+00:00] INFO: Installer API request received {"method":"POST","endpoint":"installDependencies"} 
[2022-09-27 11:40:25+00:00] NOTICE: Create Composer instance  
[2022-09-27 11:40:25+00:00] NOTICE: Set memory limit to 1.5GB  
[2022-09-27 11:40:25+00:00] NOTICE: Set work directory for Composer {"path":"/var/www/html/projects/ecowebstudio/.wintercms"} 
[2022-09-27 11:40:25+00:00] NOTICE: Set home/cache directory for Composer {"path":"/var/www/html/projects/ecowebstudio/.wintercms/.composer"} 
[2022-09-27 11:40:25+00:00] NOTICE: Run Composer "install" command - install from lockfile  
[2022-09-27 11:40:32+00:00] NOTICE: Installed Composer packages {"numPackages":114} 
[2022-09-27 11:40:32+00:00] INFO: Installer API request received {"method":"POST","endpoint":"setupConfig"} 
[2022-09-27 11:40:32+00:00] NOTICE: Booting Laravel framework  
[2022-09-27 11:40:32+00:00] NOTICE: Loading autoloader  
[2022-09-27 11:40:32+00:00] NOTICE: Bootstrapping kernel  
[2022-09-27 11:40:32+00:00] NOTICE: Rewriting config {"path":"/var/www/html/projects/ecowebstudio/.wintercms/config/app.php"} 
[2022-09-27 11:40:32+00:00] NOTICE: Rewriting config {"path":"/var/www/html/projects/ecowebstudio/.wintercms/config/cms.php"} 
[2022-09-27 11:40:32+00:00] NOTICE: Rewriting config {"path":"/var/www/html/projects/ecowebstudio/.wintercms/config/database.php"} 
[2022-09-27 11:40:32+00:00] NOTICE: Flushing OPCache  
[2022-09-27 11:40:32+00:00] INFO: Installer API request received {"method":"POST","endpoint":"runMigrations"} 
[2022-09-27 11:40:32+00:00] NOTICE: Booting Laravel framework  
[2022-09-27 11:40:32+00:00] NOTICE: Loading autoloader  
[2022-09-27 11:40:32+00:00] NOTICE: Bootstrapping kernel  
[2022-09-27 11:40:32+00:00] NOTICE: Running artisan "config:clear" command  
[2022-09-27 11:40:32+00:00] NOTICE: Command finished. {"output":"\n   INFO  Configuration cache cleared successfully.  \n\n"} 
[2022-09-27 11:40:32+00:00] NOTICE: Running database migrations  
[2022-09-27 11:40:36+00:00] NOTICE: Command finished. {"output":"Migrating application and plugins...\nMigration table created\nSystem\n   INFO  Running migrations.  \n\n  2013_10_01_000001_Db_Deferred_Bindings .......................... 129ms DONE\n  2013_10_01_000002_Db_System_Files ............................... 119ms DONE\n  2013_10_01_000003_Db_System_Plugin_Versions ...................... 68ms DONE\n  2013_10_01_000004_Db_System_Plugin_History ...................... 105ms DONE\n  2013_10_01_000005_Db_System_Settings ............................. 65ms DONE\n  2013_10_01_000006_Db_System_Parameters ........................... 55ms DONE\n  2013_10_01_000007_Db_System_Add_Disabled_Flag .................... 26ms DONE\n  2013_10_01_000008_Db_System_Mail_Templates ....................... 55ms DONE\n  2013_10_01_000009_Db_System_Mail_Layouts ......................... 23ms DONE\n  2014_10_01_000010_Db_Jobs ........................................ 29ms DONE\n  2014_10_01_000011_Db_System_Event_Logs ........................... 57ms DONE\n  2014_10_01_000012_Db_System_Request_Logs ......................... 28ms DONE\n  2014_10_01_000013_Db_System_Sessions ............................. 51ms DONE\n  2015_10_01_000014_Db_System_Mail_Layout_Rename .................... 3ms DONE\n  2015_10_01_000015_Db_System_Add_Frozen_Flag ...................... 32ms DONE\n  2015_10_01_000016_Db_Cache ....................................... 58ms DONE\n  2015_10_01_000017_Db_System_Revisions ........................... 116ms DONE\n  2015_10_01_000018_Db_FailedJobs .................................. 26ms DONE\n  2016_10_01_000019_Db_System_Plugin_History_Detail_Text .......... 164ms DONE\n  2016_10_01_000020_Db_System_Timestamp_Fix ......................... 0ms DONE\n  2017_08_04_121309_Db_Deferred_Bindings_Add_Index_Session ......... 24ms DONE\n  2017_10_01_000021_Db_System_Sessions_Update ...................... 60ms DONE\n  2017_10_01_000022_Db_Jobs_FailedJobs_Update ..................... 117ms DONE\n  2017_10_01_000023_Db_System_Mail_Partials ........................ 28ms DONE\n  2017_10_23_000024_Db_System_Mail_Layouts_Add_Options_Field ....... 39ms DONE\n  2021_10_01_000025_Db_Add_Pivot_Data_To_Deferred_Bindings ......... 35ms DONE\n\nBackend\n   INFO  Running migrations.  \n\n  2013_10_01_000001_Db_Backend_Users .............................. 167ms DONE\n  2013_10_01_000002_Db_Backend_User_Groups ......................... 53ms DONE\n  2013_10_01_000003_Db_Backend_Users_Groups ........................ 29ms DONE\n  2013_10_01_000004_Db_Backend_User_Throttle ....................... 76ms DONE\n  2014_01_04_000005_Db_Backend_User_Preferences .................... 63ms DONE\n  2014_10_01_000006_Db_Backend_Access_Log .......................... 25ms DONE\n  2014_10_01_000007_Db_Backend_Add_Description_Field ............... 88ms DONE\n  2015_10_01_000008_Db_Backend_Add_Superuser_Flag .................. 33ms DONE\n  2016_10_01_000009_Db_Backend_Timestamp_Fix ........................ 0ms DONE\n  2017_10_01_000010_Db_Backend_User_Roles .......................... 78ms DONE\n  2018_12_16_000011_Db_Backend_Add_Deleted_At ....................... 0ms DONE\n\nCms\n   INFO  Running migrations.  \n\n  2014_10_01_000001_Db_Cms_Theme_Data .............................. 62ms DONE\n  2016_10_01_000002_Db_Cms_Timestamp_Fix ............................ 0ms DONE\n  2017_10_01_000003_Db_Cms_Theme_Logs ............................. 108ms DONE\n  2018_11_01_000001_Db_Cms_Theme_Templates ......................... 87ms DONE\n\nSeeded System \nSeeded Backend \nWinter.Demo\n - v1.0.1:  First version of Demo\n\n\\Backend\\Database\\Seeds\\DatabaseSeeder reported:\n - The following password has been automatically generated for the \"admin\" account: iHfYrPLzhp7F9jfgtVpU9n\n"} 
[2022-09-27 11:40:36+00:00] INFO: Installer API request received {"method":"POST","endpoint":"createAdmin"} 
[2022-09-27 11:40:36+00:00] NOTICE: Booting Laravel framework  
[2022-09-27 11:40:36+00:00] NOTICE: Loading autoloader  
[2022-09-27 11:40:36+00:00] NOTICE: Bootstrapping kernel  
[2022-09-27 11:40:36+00:00] NOTICE: Finding initial admin account  
[2022-09-27 11:40:36+00:00] NOTICE: Changing admin account to details provided in installation  
[2022-09-27 11:40:36+00:00] INFO: Installer API request received {"method":"POST","endpoint":"cleanUp"} 
[2022-09-27 11:40:36+00:00] NOTICE: Removing installation files  
[2022-09-27 11:40:36+00:00] NOTICE: Removing temporary installation folders  
[2022-09-27 11:40:36+00:00] NOTICE: Removing core development files  
[2022-09-27 11:40:36+00:00] NOTICE: Moving files from temporary work directory to final installation path {"workDir":"/var/www/html/projects/ecowebstudio/.wintercms","installDir":"/var/www/html/projects/ecowebstudio"} 
[2022-09-27 11:40:36+00:00] NOTICE: Removing work directory  
[2022-09-27 11:40:36+00:00] NOTICE: Installation complete!  
